#-----------------------------------------------------------
# Vivado v2015.2 (64-bit)
# SW Build 1266856 on Fri Jun 26 16:35:25 MDT 2015
# IP Build 1264090 on Wed Jun 24 14:22:01 MDT 2015
# Start of session at: Fri Nov 30 10:37:25 2018
# Process ID: 21556
# Log file: D:/Sophomore/ECOP-2018/ECOP-17343155-02/CPU_imp/vivado.log
# Journal file: D:/Sophomore/ECOP-2018/ECOP-17343155-02/CPU_imp\vivado.jou
#-----------------------------------------------------------
start_gui
open_project D:/Sophomore/ECOP-2018/ECOP-17343155-02/CPU_imp/CPU_imp.xpr
Scanning sources...
Finished scanning sources
INFO: [IP_Flow 19-234] Refreshing IP repositories
INFO: [IP_Flow 19-1704] No user IP repositories specified
INFO: [IP_Flow 19-2313] Loaded Vivado IP repository 'D:/Xilinx/Vivado/2015.2/data/ip'.
INFO: [Common 17-41] Interrupt caught. Command should exit soon.
INFO: [Common 17-344] 'set_property' was cancelled
INFO: [Common 17-344] 'set_property' was cancelled
INFO: [Common 17-344] 'open_project' was cancelled
update_compile_order -fileset sources_1
update_compile_order -fileset sim_1
update_compile_order -fileset sources_1
update_compile_order -fileset sim_1
exit
INFO: [Common 17-206] Exiting Vivado at Fri Nov 30 10:37:43 2018...
