Copyright 1986-2015 Xilinx, Inc. All Rights Reserved.
------------------------------------------------------------------------------------
| Tool Version : Vivado v.2015.2 (win64) Build 1266856 Fri Jun 26 16:35:25 MDT 2015
| Date         : Fri Dec 28 02:55:42 2018
| Host         : WillKen running 64-bit major release  (build 9200)
| Command      : report_control_sets -verbose -file imptop_control_sets_placed.rpt
| Design       : imptop
| Device       : xc7a35t
------------------------------------------------------------------------------------

Control Set Information

Table of Contents
-----------------
1. Summary
2. Flip-Flop Distribution
3. Detailed Control Set Information

1. Summary
----------

+-------------------------------------------------------------------+-------+
|                               Status                              | Count |
+-------------------------------------------------------------------+-------+
| Number of unique control sets                                     |    98 |
| Minimum Number of register sites lost to control set restrictions |    23 |
+-------------------------------------------------------------------+-------+


2. Flip-Flop Distribution
-------------------------

+--------------+-----------------------+------------------------+-----------------+--------------+
| Clock Enable | Synchronous Set/Reset | Asynchronous Set/Reset | Total Registers | Total Slices |
+--------------+-----------------------+------------------------+-----------------+--------------+
| No           | No                    | No                     |             623 |          393 |
| No           | No                    | Yes                    |               0 |            0 |
| No           | Yes                   | No                     |               0 |            0 |
| Yes          | No                    | No                     |             506 |          295 |
| Yes          | No                    | Yes                    |               0 |            0 |
| Yes          | Yes                   | No                     |             544 |          294 |
+--------------+-----------------------+------------------------+-----------------+--------------+


3. Detailed Control Set Information
-----------------------------------

+---------------------------------+-----------------------------------+---------------------------------+------------------+----------------+
|           Clock Signal          |           Enable Signal           |         Set/Reset Signal        | Slice Load Count | Bel Load Count |
+---------------------------------+-----------------------------------+---------------------------------+------------------+----------------+
|  cputop/pc/E[0]                 |                                   |                                 |                1 |              3 |
|  div/out[0]                     |                                   |                                 |                4 |              5 |
|  cputop/dreg/wdata_reg[7]_8[0]  |                                   |                                 |                6 |              8 |
|  cputop/dreg/wdata_reg[7]_41[0] |                                   |                                 |                7 |              8 |
|  cputop/dreg/wdata_reg[7]_40[0] |                                   |                                 |                4 |              8 |
|  cputop/dreg/wdata_reg[7]_38[0] |                                   |                                 |                5 |              8 |
|  cputop/dreg/wdata_reg[7]_37[0] |                                   |                                 |                5 |              8 |
|  cputop/dreg/wdata_reg[7]_36[0] |                                   |                                 |                6 |              8 |
|  cputop/dreg/wdata_reg[7]_35[0] |                                   |                                 |                6 |              8 |
|  cputop/dreg/wdata_reg[7]_34[0] |                                   |                                 |                6 |              8 |
|  cputop/dreg/wdata_reg[7]_33[0] |                                   |                                 |                5 |              8 |
|  cputop/dreg/wdata_reg[7]_32[0] |                                   |                                 |                5 |              8 |
|  cputop/dreg/wdata_reg[7]_31[0] |                                   |                                 |                6 |              8 |
|  cputop/dreg/wdata_reg[7]_30[0] |                                   |                                 |                5 |              8 |
|  cputop/dreg/wdata_reg[7]_3[0]  |                                   |                                 |                6 |              8 |
|  cputop/dreg/wdata_reg[7]_29[0] |                                   |                                 |                4 |              8 |
|  cputop/dreg/wdata_reg[7]_28[0] |                                   |                                 |                5 |              8 |
|  cputop/dreg/wdata_reg[7]_27[0] |                                   |                                 |                8 |              8 |
|  cputop/dreg/wdata_reg[7]_26[0] |                                   |                                 |                6 |              8 |
|  cputop/dreg/wdata_reg[7]_25[0] |                                   |                                 |                6 |              8 |
|  cputop/dreg/wdata_reg[7]_20[0] |                                   |                                 |                7 |              8 |
|  cputop/dreg/wdata_reg[7]_2[0]  |                                   |                                 |                5 |              8 |
|  cputop/dreg/wdata_reg[7]_19[0] |                                   |                                 |                5 |              8 |
|  cputop/dreg/wdata_reg[7]_18[0] |                                   |                                 |                6 |              8 |
|  cputop/dreg/wdata_reg[7]_6[0]  |                                   |                                 |                5 |              8 |
|  cputop/dreg/wdata_reg[7]_59[0] |                                   |                                 |                4 |              8 |
|  cputop/dreg/wdata_reg[7]_58[0] |                                   |                                 |                5 |              8 |
|  cputop/dreg/wdata_reg[7]_57[0] |                                   |                                 |                4 |              8 |
|  cputop/dreg/wdata_reg[7]_56[0] |                                   |                                 |                4 |              8 |
|  cputop/dreg/wdata_reg[7]_55[0] |                                   |                                 |                4 |              8 |
|  cputop/dreg/wdata_reg[7]_54[0] |                                   |                                 |                4 |              8 |
|  cputop/dreg/wdata_reg[7]_53[0] |                                   |                                 |                6 |              8 |
|  cputop/dreg/wdata_reg[7]_52[0] |                                   |                                 |                4 |              8 |
|  cputop/dreg/wdata_reg[7]_51[0] |                                   |                                 |                5 |              8 |
|  cputop/dreg/wdata_reg[7]_50[0] |                                   |                                 |                4 |              8 |
|  cputop/dreg/wdata_reg[7]_49[0] |                                   |                                 |                5 |              8 |
|  cputop/dreg/wdata_reg[7]_48[0] |                                   |                                 |                5 |              8 |
|  cputop/dreg/wdata_reg[7]_47[0] |                                   |                                 |                4 |              8 |
|  cputop/dreg/wdata_reg[7]_46[0] |                                   |                                 |                6 |              8 |
|  cputop/dreg/wdata_reg[7]_45[0] |                                   |                                 |                6 |              8 |
|  cputop/dreg/wdata_reg[7]_44[0] |                                   |                                 |                8 |              8 |
|  cputop/dreg/wdata_reg[7]_43[0] |                                   |                                 |                8 |              8 |
|  cputop/dreg/wdata_reg[7]_42[0] |                                   |                                 |                6 |              8 |
|  cputop/dreg/wdata_reg[7]_21[0] |                                   |                                 |                5 |              8 |
|  cputop/dreg/wdata_reg[7]_22[0] |                                   |                                 |                5 |              8 |
|  cputop/dreg/wdata_reg[7]_23[0] |                                   |                                 |                6 |              8 |
|  cputop/dreg/wdata_reg[7]_4[0]  |                                   |                                 |                6 |              8 |
|  cputop/dreg/wdata_reg[7]_39[0] |                                   |                                 |                6 |              8 |
|  cputop/dreg/wdata_reg[7]_24[0] |                                   |                                 |                5 |              8 |
|  cputop/dreg/wdata_reg[7]_5[0]  |                                   |                                 |                5 |              8 |
|  cputop/dreg/wdata_reg[7]_17[0] |                                   |                                 |                7 |              8 |
|  cputop/dreg/wdata_reg[7]_16[0] |                                   |                                 |                4 |              8 |
|  cputop/dreg/wdata_reg[7]_15[0] |                                   |                                 |                6 |              8 |
|  cputop/dreg/wdata_reg[7]_14[0] |                                   |                                 |                5 |              8 |
|  cputop/dreg/wdata_reg[7]_13[0] |                                   |                                 |                6 |              8 |
|  cputop/dreg/wdata_reg[7]_12[0] |                                   |                                 |                7 |              8 |
|  cputop/dreg/wdata_reg[7]_11[0] |                                   |                                 |                5 |              8 |
|  cputop/dreg/wdata_reg[7]_10[0] |                                   |                                 |                7 |              8 |
|  cputop/dreg/wdata_reg[7]_1[0]  |                                   |                                 |                6 |              8 |
|  cputop/dreg/wdata_reg[31]_0[0] |                                   |                                 |                4 |              8 |
|  cputop/dreg/E[0]               |                                   |                                 |                7 |              8 |
|  cputop/dreg/wdata_reg[7]_7[0]  |                                   |                                 |                6 |              8 |
|  cputop/dreg/wdata_reg[7]_9[0]  |                                   |                                 |                4 |              8 |
|  clk_IBUF_BUFG                  |                                   |                                 |                5 |             18 |
|  key_out_BUFG                   | cputop/dtri/Address_reg_rep       |                                 |               17 |             26 |
| ~key_out_BUFG                   | cputop/ireg/regFile_reg[9][31]    |                                 |               18 |             32 |
|  key_out_BUFG                   | cputop/dtri/E[0]                  | cputop/pc/Address[31]_i_1_n_0   |               11 |             32 |
| ~key_out_BUFG                   | cputop/ireg/regFile_reg[10][31]_0 | cputop/ireg/regFile_reg[10][31] |               15 |             32 |
| ~key_out_BUFG                   | cputop/ireg/regFile_reg[11][31]   |                                 |               19 |             32 |
| ~key_out_BUFG                   | cputop/ireg/regFile_reg[12][31]_0 | cputop/ireg/regFile_reg[12][31] |               19 |             32 |
| ~key_out_BUFG                   | cputop/ireg/regFile_reg[13][31]   |                                 |               18 |             32 |
| ~key_out_BUFG                   | cputop/ireg/regFile_reg[14][31]_0 | cputop/ireg/regFile_reg[14][31] |               16 |             32 |
| ~key_out_BUFG                   | cputop/ireg/regFile_reg[15][31]   |                                 |               22 |             32 |
| ~key_out_BUFG                   | cputop/ireg/regFile_reg[16][31]_1 | cputop/ireg/regFile_reg[16][31] |               17 |             32 |
| ~key_out_BUFG                   | cputop/ireg/regFile_reg[17][31]   |                                 |               22 |             32 |
| ~key_out_BUFG                   | cputop/ireg/regFile_reg[18][31]_0 | cputop/ireg/regFile_reg[18][31] |               18 |             32 |
| ~key_out_BUFG                   | cputop/ireg/regFile_reg[19][31]   |                                 |               21 |             32 |
| ~key_out_BUFG                   | cputop/ireg/regFile_reg[1][31]_1  | cputop/ireg/regFile_reg[1][31]  |               18 |             32 |
| ~key_out_BUFG                   | cputop/ireg/regFile_reg[20][31]_0 | cputop/ireg/regFile_reg[20][31] |               20 |             32 |
| ~key_out_BUFG                   | cputop/ireg/regFile_reg[21][31]   |                                 |               17 |             32 |
| ~key_out_BUFG                   | cputop/ireg/regFile_reg[22][31]_0 | cputop/ireg/regFile_reg[22][31] |               17 |             32 |
| ~key_out_BUFG                   | cputop/ireg/regFile_reg[23][31]   |                                 |               18 |             32 |
| ~key_out_BUFG                   | cputop/ireg/regFile_reg[24][31]_2 | cputop/ireg/regFile_reg[24][31] |               18 |             32 |
| ~key_out_BUFG                   | cputop/ireg/regFile_reg[25][31]   |                                 |               18 |             32 |
| ~key_out_BUFG                   | cputop/ireg/regFile_reg[26][31]_0 | cputop/ireg/regFile_reg[26][31] |               21 |             32 |
| ~key_out_BUFG                   | cputop/ireg/regFile_reg[27][31]   |                                 |               20 |             32 |
| ~key_out_BUFG                   | cputop/ireg/regFile_reg[28][31]_0 | cputop/ireg/regFile_reg[28][31] |               16 |             32 |
| ~key_out_BUFG                   | cputop/ireg/regFile_reg[29][31]   |                                 |               21 |             32 |
| ~key_out_BUFG                   | cputop/ireg/regFile_reg[2][31]_0  | cputop/ireg/regFile_reg[2][31]  |               19 |             32 |
| ~key_out_BUFG                   | cputop/ireg/regFile_reg[30][31]_0 | cputop/ireg/regFile_reg[30][31] |               17 |             32 |
| ~key_out_BUFG                   | cputop/ireg/regFile_reg[31][31]   |                                 |               16 |             32 |
| ~key_out_BUFG                   | cputop/ireg/regFile_reg[3][31]    |                                 |               16 |             32 |
| ~key_out_BUFG                   | cputop/ireg/regFile_reg[4][31]_0  | cputop/ireg/regFile_reg[4][31]  |               17 |             32 |
| ~key_out_BUFG                   | cputop/ireg/regFile_reg[5][31]    |                                 |               15 |             32 |
| ~key_out_BUFG                   | cputop/ireg/regFile_reg[6][31]_0  | cputop/ireg/regFile_reg[6][31]  |               18 |             32 |
| ~key_out_BUFG                   | cputop/ireg/regFile_reg[7][31]    |                                 |               17 |             32 |
| ~key_out_BUFG                   | cputop/ireg/regFile_reg[8][31]_1  | cputop/ireg/regFile_reg[8][31]  |               17 |             32 |
|  key_out_BUFG                   |                                   |                                 |               50 |            109 |
+---------------------------------+-----------------------------------+---------------------------------+------------------+----------------+


