
*** Running vivado
    with args -log imptop.vds -m64 -mode batch -messageDb vivado.pb -notrace -source imptop.tcl


****** Vivado v2015.2 (64-bit)
  **** SW Build 1266856 on Fri Jun 26 16:35:25 MDT 2015
  **** IP Build 1264090 on Wed Jun 24 14:22:01 MDT 2015
    ** Copyright 1986-2015 Xilinx, Inc. All Rights Reserved.

source imptop.tcl -notrace
Command: synth_design -top imptop -part xc7a35tcpg236-1
Starting synth_design
Attempting to get a license for feature 'Synthesis' and/or device 'xc7a35t'
INFO: [Common 17-349] Got license for feature 'Synthesis' and/or device 'xc7a35t'
INFO: [Common 17-1223] The version limit for your license is '2017.03' and will expire in -637 days. A version limit expiration means that, although you may be able to continue to use the current version of tools or IP with this license, you will not be eligible for any updates or new releases.
WARNING: [Synth 8-1849] concatenation with unsized literal; will interpret as 32 bits [D:/Sophomore/ECOP-2018/ECOP-17343155-03/CPU_imp/CPU_imp.srcs/sources_1/new/ALU_dataA.v:28]
---------------------------------------------------------------------------------
Starting RTL Elaboration : Time (s): cpu = 00:00:04 ; elapsed = 00:00:06 . Memory (MB): peak = 275.672 ; gain = 67.395
---------------------------------------------------------------------------------
INFO: [Synth 8-638] synthesizing module 'imptop' [D:/Sophomore/ECOP-2018/ECOP-17343155-03/CPU_imp/CPU_imp.srcs/sources_1/new/imp_top.v:23]
INFO: [Synth 8-638] synthesizing module 'CLK_DIV' [D:/Sophomore/ECOP-2018/ECOP-17343155-03/CPU_imp/CPU_imp.srcs/sources_1/new/CLK_DIV.v:23]
INFO: [Synth 8-256] done synthesizing module 'CLK_DIV' (1#1) [D:/Sophomore/ECOP-2018/ECOP-17343155-03/CPU_imp/CPU_imp.srcs/sources_1/new/CLK_DIV.v:23]
INFO: [Synth 8-638] synthesizing module 'debouncing' [D:/Sophomore/ECOP-2018/ECOP-17343155-03/CPU_imp/CPU_imp.srcs/sources_1/new/debouncing.v:23]
INFO: [Synth 8-256] done synthesizing module 'debouncing' (2#1) [D:/Sophomore/ECOP-2018/ECOP-17343155-03/CPU_imp/CPU_imp.srcs/sources_1/new/debouncing.v:23]
INFO: [Synth 8-638] synthesizing module 'show' [D:/Sophomore/ECOP-2018/ECOP-17343155-03/CPU_imp/CPU_imp.srcs/sources_1/new/show.v:23]
INFO: [Synth 8-256] done synthesizing module 'show' (3#1) [D:/Sophomore/ECOP-2018/ECOP-17343155-03/CPU_imp/CPU_imp.srcs/sources_1/new/show.v:23]
INFO: [Synth 8-638] synthesizing module 'Hex7seg' [D:/Sophomore/ECOP-2018/ECOP-17343155-03/CPU_imp/CPU_imp.srcs/sources_1/new/Hex7seg.v:23]
INFO: [Synth 8-226] default block is never used [D:/Sophomore/ECOP-2018/ECOP-17343155-03/CPU_imp/CPU_imp.srcs/sources_1/new/Hex7seg.v:40]
WARNING: [Synth 8-567] referenced signal 'data' should be on the sensitivity list [D:/Sophomore/ECOP-2018/ECOP-17343155-03/CPU_imp/CPU_imp.srcs/sources_1/new/Hex7seg.v:38]
INFO: [Synth 8-226] default block is never used [D:/Sophomore/ECOP-2018/ECOP-17343155-03/CPU_imp/CPU_imp.srcs/sources_1/new/Hex7seg.v:59]
INFO: [Synth 8-256] done synthesizing module 'Hex7seg' (4#1) [D:/Sophomore/ECOP-2018/ECOP-17343155-03/CPU_imp/CPU_imp.srcs/sources_1/new/Hex7seg.v:23]
INFO: [Synth 8-638] synthesizing module 'CPU_top' [D:/Sophomore/ECOP-2018/ECOP-17343155-03/CPU_imp/CPU_imp.srcs/sources_1/new/CPU_top.v:23]
INFO: [Synth 8-638] synthesizing module 'PC' [D:/Sophomore/ECOP-2018/ECOP-17343155-03/CPU_imp/CPU_imp.srcs/sources_1/new/PC.v:23]
INFO: [Synth 8-256] done synthesizing module 'PC' (5#1) [D:/Sophomore/ECOP-2018/ECOP-17343155-03/CPU_imp/CPU_imp.srcs/sources_1/new/PC.v:23]
INFO: [Synth 8-638] synthesizing module 'insROM' [D:/Sophomore/ECOP-2018/ECOP-17343155-03/CPU_imp/CPU_imp.srcs/sources_1/new/insROM.v:23]
INFO: [Synth 8-3876] $readmem data file 'D:/Sophomore/ECOP-2018/ECOP-17343155-03/CPU_imp/rom.txt' is read successfully [D:/Sophomore/ECOP-2018/ECOP-17343155-03/CPU_imp/CPU_imp.srcs/sources_1/new/insROM.v:29]
INFO: [Synth 8-256] done synthesizing module 'insROM' (6#1) [D:/Sophomore/ECOP-2018/ECOP-17343155-03/CPU_imp/CPU_imp.srcs/sources_1/new/insROM.v:23]
INFO: [Synth 8-638] synthesizing module 'Dtrigger' [D:/Sophomore/ECOP-2018/ECOP-17343155-03/CPU_imp/CPU_imp.srcs/sources_1/new/Dtrigger.v:23]
INFO: [Synth 8-256] done synthesizing module 'Dtrigger' (7#1) [D:/Sophomore/ECOP-2018/ECOP-17343155-03/CPU_imp/CPU_imp.srcs/sources_1/new/Dtrigger.v:23]
INFO: [Synth 8-638] synthesizing module 'IR' [D:/Sophomore/ECOP-2018/ECOP-17343155-03/CPU_imp/CPU_imp.srcs/sources_1/new/IR.v:23]
INFO: [Synth 8-256] done synthesizing module 'IR' (8#1) [D:/Sophomore/ECOP-2018/ECOP-17343155-03/CPU_imp/CPU_imp.srcs/sources_1/new/IR.v:23]
INFO: [Synth 8-638] synthesizing module 'DR' [D:/Sophomore/ECOP-2018/ECOP-17343155-03/CPU_imp/CPU_imp.srcs/sources_1/new/DR.v:23]
INFO: [Synth 8-256] done synthesizing module 'DR' (9#1) [D:/Sophomore/ECOP-2018/ECOP-17343155-03/CPU_imp/CPU_imp.srcs/sources_1/new/DR.v:23]
INFO: [Synth 8-638] synthesizing module 'nextCondition' [D:/Sophomore/ECOP-2018/ECOP-17343155-03/CPU_imp/CPU_imp.srcs/sources_1/new/nextCondition.v:23]
WARNING: [Synth 8-567] referenced signal 'opcode' should be on the sensitivity list [D:/Sophomore/ECOP-2018/ECOP-17343155-03/CPU_imp/CPU_imp.srcs/sources_1/new/nextCondition.v:27]
INFO: [Synth 8-256] done synthesizing module 'nextCondition' (10#1) [D:/Sophomore/ECOP-2018/ECOP-17343155-03/CPU_imp/CPU_imp.srcs/sources_1/new/nextCondition.v:23]
INFO: [Synth 8-638] synthesizing module 'ControlUnit' [D:/Sophomore/ECOP-2018/ECOP-17343155-03/CPU_imp/CPU_imp.srcs/sources_1/new/ControlUnit.v:23]
INFO: [Synth 8-256] done synthesizing module 'ControlUnit' (11#1) [D:/Sophomore/ECOP-2018/ECOP-17343155-03/CPU_imp/CPU_imp.srcs/sources_1/new/ControlUnit.v:23]
INFO: [Synth 8-638] synthesizing module 'extend' [D:/Sophomore/ECOP-2018/ECOP-17343155-03/CPU_imp/CPU_imp.srcs/sources_1/new/extend.v:23]
INFO: [Synth 8-256] done synthesizing module 'extend' (12#1) [D:/Sophomore/ECOP-2018/ECOP-17343155-03/CPU_imp/CPU_imp.srcs/sources_1/new/extend.v:23]
INFO: [Synth 8-638] synthesizing module 'Jext' [D:/Sophomore/ECOP-2018/ECOP-17343155-03/CPU_imp/CPU_imp.srcs/sources_1/new/Jext.v:23]
INFO: [Synth 8-256] done synthesizing module 'Jext' (13#1) [D:/Sophomore/ECOP-2018/ECOP-17343155-03/CPU_imp/CPU_imp.srcs/sources_1/new/Jext.v:23]
INFO: [Synth 8-638] synthesizing module 'regWriteAddress' [D:/Sophomore/ECOP-2018/ECOP-17343155-03/CPU_imp/CPU_imp.srcs/sources_1/new/regWriteAddress.v:23]
INFO: [Synth 8-256] done synthesizing module 'regWriteAddress' (14#1) [D:/Sophomore/ECOP-2018/ECOP-17343155-03/CPU_imp/CPU_imp.srcs/sources_1/new/regWriteAddress.v:23]
INFO: [Synth 8-638] synthesizing module 'regWriteData' [D:/Sophomore/ECOP-2018/ECOP-17343155-03/CPU_imp/CPU_imp.srcs/sources_1/new/regWriteData.v:23]
INFO: [Synth 8-256] done synthesizing module 'regWriteData' (15#1) [D:/Sophomore/ECOP-2018/ECOP-17343155-03/CPU_imp/CPU_imp.srcs/sources_1/new/regWriteData.v:23]
INFO: [Synth 8-638] synthesizing module 'regFile' [D:/Sophomore/ECOP-2018/ECOP-17343155-03/CPU_imp/CPU_imp.srcs/sources_1/new/regFile.v:23]
INFO: [Synth 8-256] done synthesizing module 'regFile' (16#1) [D:/Sophomore/ECOP-2018/ECOP-17343155-03/CPU_imp/CPU_imp.srcs/sources_1/new/regFile.v:23]
INFO: [Synth 8-638] synthesizing module 'ALU_dataA' [D:/Sophomore/ECOP-2018/ECOP-17343155-03/CPU_imp/CPU_imp.srcs/sources_1/new/ALU_dataA.v:23]
INFO: [Synth 8-256] done synthesizing module 'ALU_dataA' (17#1) [D:/Sophomore/ECOP-2018/ECOP-17343155-03/CPU_imp/CPU_imp.srcs/sources_1/new/ALU_dataA.v:23]
INFO: [Synth 8-638] synthesizing module 'ALU_dataB' [D:/Sophomore/ECOP-2018/ECOP-17343155-03/CPU_imp/CPU_imp.srcs/sources_1/new/ALU_dataB.v:23]
INFO: [Synth 8-256] done synthesizing module 'ALU_dataB' (18#1) [D:/Sophomore/ECOP-2018/ECOP-17343155-03/CPU_imp/CPU_imp.srcs/sources_1/new/ALU_dataB.v:23]
INFO: [Synth 8-638] synthesizing module 'ALU' [D:/Sophomore/ECOP-2018/ECOP-17343155-03/CPU_imp/CPU_imp.srcs/sources_1/new/ALU.v:23]
INFO: [Synth 8-226] default block is never used [D:/Sophomore/ECOP-2018/ECOP-17343155-03/CPU_imp/CPU_imp.srcs/sources_1/new/ALU.v:31]
INFO: [Synth 8-256] done synthesizing module 'ALU' (19#1) [D:/Sophomore/ECOP-2018/ECOP-17343155-03/CPU_imp/CPU_imp.srcs/sources_1/new/ALU.v:23]
INFO: [Synth 8-638] synthesizing module 'dataRAM' [D:/Sophomore/ECOP-2018/ECOP-17343155-03/CPU_imp/CPU_imp.srcs/sources_1/new/dataRAM.v:23]
WARNING: [Synth 8-567] referenced signal 'writeData' should be on the sensitivity list [D:/Sophomore/ECOP-2018/ECOP-17343155-03/CPU_imp/CPU_imp.srcs/sources_1/new/dataRAM.v:36]
WARNING: [Synth 8-567] referenced signal 'address' should be on the sensitivity list [D:/Sophomore/ECOP-2018/ECOP-17343155-03/CPU_imp/CPU_imp.srcs/sources_1/new/dataRAM.v:36]
INFO: [Synth 8-256] done synthesizing module 'dataRAM' (20#1) [D:/Sophomore/ECOP-2018/ECOP-17343155-03/CPU_imp/CPU_imp.srcs/sources_1/new/dataRAM.v:23]
INFO: [Synth 8-638] synthesizing module 'nextPC' [D:/Sophomore/ECOP-2018/ECOP-17343155-03/CPU_imp/CPU_imp.srcs/sources_1/new/nextPC.v:23]
INFO: [Synth 8-226] default block is never used [D:/Sophomore/ECOP-2018/ECOP-17343155-03/CPU_imp/CPU_imp.srcs/sources_1/new/nextPC.v:31]
WARNING: [Synth 8-567] referenced signal 'imme' should be on the sensitivity list [D:/Sophomore/ECOP-2018/ECOP-17343155-03/CPU_imp/CPU_imp.srcs/sources_1/new/nextPC.v:30]
WARNING: [Synth 8-567] referenced signal 'rsData' should be on the sensitivity list [D:/Sophomore/ECOP-2018/ECOP-17343155-03/CPU_imp/CPU_imp.srcs/sources_1/new/nextPC.v:30]
WARNING: [Synth 8-567] referenced signal 'jpc' should be on the sensitivity list [D:/Sophomore/ECOP-2018/ECOP-17343155-03/CPU_imp/CPU_imp.srcs/sources_1/new/nextPC.v:30]
INFO: [Synth 8-256] done synthesizing module 'nextPC' (21#1) [D:/Sophomore/ECOP-2018/ECOP-17343155-03/CPU_imp/CPU_imp.srcs/sources_1/new/nextPC.v:23]
INFO: [Synth 8-256] done synthesizing module 'CPU_top' (22#1) [D:/Sophomore/ECOP-2018/ECOP-17343155-03/CPU_imp/CPU_imp.srcs/sources_1/new/CPU_top.v:23]
INFO: [Synth 8-256] done synthesizing module 'imptop' (23#1) [D:/Sophomore/ECOP-2018/ECOP-17343155-03/CPU_imp/CPU_imp.srcs/sources_1/new/imp_top.v:23]
---------------------------------------------------------------------------------
Finished RTL Elaboration : Time (s): cpu = 00:00:05 ; elapsed = 00:00:07 . Memory (MB): peak = 309.590 ; gain = 101.313
---------------------------------------------------------------------------------

Report Check Netlist: 
+------+------------------+-------+---------+-------+------------------+
|      |Item              |Errors |Warnings |Status |Description       |
+------+------------------+-------+---------+-------+------------------+
|1     |multi_driven_nets |      0|        0|Passed |Multi driven nets |
+------+------------------+-------+---------+-------+------------------+
---------------------------------------------------------------------------------
Finished RTL Optimization Phase 1 : Time (s): cpu = 00:00:05 ; elapsed = 00:00:08 . Memory (MB): peak = 309.590 ; gain = 101.313
---------------------------------------------------------------------------------
INFO: [Device 21-403] Loading part xc7a35tcpg236-1
INFO: [Project 1-570] Preparing netlist for logic optimization

Processing XDC Constraints
Initializing timing engine
Parsing XDC File [D:/Sophomore/ECOP-2018/ECOP-17343155-03/CPU_imp/CPU_imp.srcs/constrs_1/new/CPU_imp.xdc]
Finished Parsing XDC File [D:/Sophomore/ECOP-2018/ECOP-17343155-03/CPU_imp/CPU_imp.srcs/constrs_1/new/CPU_imp.xdc]
Completed Processing XDC Constraints

INFO: [Project 1-111] Unisim Transformation Summary:
No Unisim elements were transformed.

Constraint Validation Runtime : Time (s): cpu = 00:00:00 ; elapsed = 00:00:00.028 . Memory (MB): peak = 612.004 ; gain = 0.000
---------------------------------------------------------------------------------
Finished Constraint Validation : Time (s): cpu = 00:00:11 ; elapsed = 00:00:17 . Memory (MB): peak = 612.004 ; gain = 403.727
---------------------------------------------------------------------------------
---------------------------------------------------------------------------------
Start Loading Part and Timing Information
---------------------------------------------------------------------------------
Loading part: xc7a35tcpg236-1
---------------------------------------------------------------------------------
Finished Loading Part and Timing Information : Time (s): cpu = 00:00:11 ; elapsed = 00:00:17 . Memory (MB): peak = 612.004 ; gain = 403.727
---------------------------------------------------------------------------------
---------------------------------------------------------------------------------
Start Applying 'set_property' XDC Constraints
---------------------------------------------------------------------------------
---------------------------------------------------------------------------------
Finished applying 'set_property' XDC Constraints : Time (s): cpu = 00:00:11 ; elapsed = 00:00:17 . Memory (MB): peak = 612.004 ; gain = 403.727
---------------------------------------------------------------------------------
INFO: [Synth 8-5546] ROM "nextcon" won't be mapped to RAM because it is too sparse
INFO: [Synth 8-5544] ROM "IRWre0" won't be mapped to Block RAM because address size (3) smaller than threshold (5)
INFO: [Synth 8-5546] ROM "ALUSrcA0" won't be mapped to RAM because it is too sparse
INFO: [Synth 8-5546] ROM "DBDataSrc0" won't be mapped to RAM because it is too sparse
INFO: [Synth 8-5546] ROM "WR1" won't be mapped to RAM because it is too sparse
INFO: [Synth 8-3537] HDL ADVISOR - The operator resource <adder> is shared. To prevent sharing consider applying a KEEP on the inputs of the operator [D:/Sophomore/ECOP-2018/ECOP-17343155-03/CPU_imp/CPU_imp.srcs/sources_1/new/ALU.v:31]
INFO: [Synth 8-5545] ROM "zero0" won't be mapped to RAM because address size (32) is larger than maximum supported(18)
INFO: [Synth 8-5545] ROM "ram_reg[0]" won't be mapped to RAM because address size (32) is larger than maximum supported(18)
INFO: [Synth 8-5545] ROM "ram_reg[0]" won't be mapped to RAM because address size (32) is larger than maximum supported(18)
INFO: [Synth 8-5545] ROM "ram_reg[0]" won't be mapped to RAM because address size (32) is larger than maximum supported(18)
INFO: [Synth 8-5545] ROM "ram_reg[0]" won't be mapped to RAM because address size (32) is larger than maximum supported(18)
INFO: [Synth 8-5545] ROM "ram_reg[1]" won't be mapped to RAM because address size (32) is larger than maximum supported(18)
INFO: [Synth 8-5545] ROM "ram_reg[1]" won't be mapped to RAM because address size (32) is larger than maximum supported(18)
INFO: [Synth 8-5545] ROM "ram_reg[1]" won't be mapped to RAM because address size (32) is larger than maximum supported(18)
INFO: [Synth 8-5545] ROM "ram_reg[1]" won't be mapped to RAM because address size (32) is larger than maximum supported(18)
INFO: [Synth 8-5545] ROM "ram_reg[2]" won't be mapped to RAM because address size (32) is larger than maximum supported(18)
INFO: [Synth 8-5545] ROM "ram_reg[2]" won't be mapped to RAM because address size (32) is larger than maximum supported(18)
INFO: [Synth 8-5545] ROM "ram_reg[2]" won't be mapped to RAM because address size (32) is larger than maximum supported(18)
INFO: [Synth 8-5545] ROM "ram_reg[2]" won't be mapped to RAM because address size (32) is larger than maximum supported(18)
INFO: [Synth 8-5545] ROM "ram_reg[3]" won't be mapped to RAM because address size (32) is larger than maximum supported(18)
INFO: [Synth 8-5545] ROM "ram_reg[3]" won't be mapped to RAM because address size (32) is larger than maximum supported(18)
INFO: [Synth 8-5545] ROM "ram_reg[3]" won't be mapped to RAM because address size (32) is larger than maximum supported(18)
INFO: [Synth 8-5545] ROM "ram_reg[3]" won't be mapped to RAM because address size (32) is larger than maximum supported(18)
INFO: [Synth 8-5545] ROM "ram_reg[4]" won't be mapped to RAM because address size (32) is larger than maximum supported(18)
INFO: [Synth 8-5545] ROM "ram_reg[4]" won't be mapped to RAM because address size (32) is larger than maximum supported(18)
INFO: [Synth 8-5545] ROM "ram_reg[4]" won't be mapped to RAM because address size (32) is larger than maximum supported(18)
INFO: [Synth 8-5545] ROM "ram_reg[4]" won't be mapped to RAM because address size (32) is larger than maximum supported(18)
INFO: [Synth 8-5545] ROM "ram_reg[5]" won't be mapped to RAM because address size (32) is larger than maximum supported(18)
INFO: [Synth 8-5545] ROM "ram_reg[5]" won't be mapped to RAM because address size (32) is larger than maximum supported(18)
INFO: [Synth 8-5545] ROM "ram_reg[5]" won't be mapped to RAM because address size (32) is larger than maximum supported(18)
INFO: [Synth 8-5545] ROM "ram_reg[5]" won't be mapped to RAM because address size (32) is larger than maximum supported(18)
INFO: [Synth 8-5545] ROM "ram_reg[6]" won't be mapped to RAM because address size (32) is larger than maximum supported(18)
INFO: [Synth 8-5545] ROM "ram_reg[6]" won't be mapped to RAM because address size (32) is larger than maximum supported(18)
INFO: [Synth 8-5545] ROM "ram_reg[6]" won't be mapped to RAM because address size (32) is larger than maximum supported(18)
INFO: [Synth 8-5545] ROM "ram_reg[6]" won't be mapped to RAM because address size (32) is larger than maximum supported(18)
INFO: [Synth 8-5545] ROM "ram_reg[7]" won't be mapped to RAM because address size (32) is larger than maximum supported(18)
INFO: [Synth 8-5545] ROM "ram_reg[7]" won't be mapped to RAM because address size (32) is larger than maximum supported(18)
INFO: [Synth 8-5545] ROM "ram_reg[7]" won't be mapped to RAM because address size (32) is larger than maximum supported(18)
INFO: [Synth 8-5545] ROM "ram_reg[7]" won't be mapped to RAM because address size (32) is larger than maximum supported(18)
INFO: [Synth 8-5545] ROM "ram_reg[8]" won't be mapped to RAM because address size (32) is larger than maximum supported(18)
INFO: [Synth 8-5545] ROM "ram_reg[8]" won't be mapped to RAM because address size (32) is larger than maximum supported(18)
INFO: [Synth 8-5545] ROM "ram_reg[8]" won't be mapped to RAM because address size (32) is larger than maximum supported(18)
INFO: [Synth 8-5545] ROM "ram_reg[8]" won't be mapped to RAM because address size (32) is larger than maximum supported(18)
INFO: [Synth 8-5545] ROM "ram_reg[9]" won't be mapped to RAM because address size (32) is larger than maximum supported(18)
INFO: [Synth 8-5545] ROM "ram_reg[9]" won't be mapped to RAM because address size (32) is larger than maximum supported(18)
INFO: [Synth 8-5545] ROM "ram_reg[9]" won't be mapped to RAM because address size (32) is larger than maximum supported(18)
INFO: [Synth 8-5545] ROM "ram_reg[9]" won't be mapped to RAM because address size (32) is larger than maximum supported(18)
INFO: [Synth 8-5545] ROM "ram_reg[10]" won't be mapped to RAM because address size (32) is larger than maximum supported(18)
INFO: [Synth 8-5545] ROM "ram_reg[10]" won't be mapped to RAM because address size (32) is larger than maximum supported(18)
INFO: [Synth 8-5545] ROM "ram_reg[10]" won't be mapped to RAM because address size (32) is larger than maximum supported(18)
INFO: [Synth 8-5545] ROM "ram_reg[10]" won't be mapped to RAM because address size (32) is larger than maximum supported(18)
INFO: [Synth 8-5545] ROM "ram_reg[11]" won't be mapped to RAM because address size (32) is larger than maximum supported(18)
INFO: [Synth 8-5545] ROM "ram_reg[11]" won't be mapped to RAM because address size (32) is larger than maximum supported(18)
INFO: [Synth 8-5545] ROM "ram_reg[11]" won't be mapped to RAM because address size (32) is larger than maximum supported(18)
INFO: [Synth 8-5545] ROM "ram_reg[11]" won't be mapped to RAM because address size (32) is larger than maximum supported(18)
INFO: [Synth 8-5545] ROM "ram_reg[12]" won't be mapped to RAM because address size (32) is larger than maximum supported(18)
INFO: [Synth 8-5545] ROM "ram_reg[12]" won't be mapped to RAM because address size (32) is larger than maximum supported(18)
INFO: [Synth 8-5545] ROM "ram_reg[12]" won't be mapped to RAM because address size (32) is larger than maximum supported(18)
INFO: [Synth 8-5545] ROM "ram_reg[12]" won't be mapped to RAM because address size (32) is larger than maximum supported(18)
INFO: [Synth 8-5545] ROM "ram_reg[13]" won't be mapped to RAM because address size (32) is larger than maximum supported(18)
INFO: [Synth 8-5545] ROM "ram_reg[13]" won't be mapped to RAM because address size (32) is larger than maximum supported(18)
INFO: [Synth 8-5545] ROM "ram_reg[13]" won't be mapped to RAM because address size (32) is larger than maximum supported(18)
INFO: [Synth 8-5545] ROM "ram_reg[13]" won't be mapped to RAM because address size (32) is larger than maximum supported(18)
INFO: [Synth 8-5545] ROM "ram_reg[14]" won't be mapped to RAM because address size (32) is larger than maximum supported(18)
INFO: [Synth 8-5545] ROM "ram_reg[14]" won't be mapped to RAM because address size (32) is larger than maximum supported(18)
INFO: [Synth 8-5545] ROM "ram_reg[14]" won't be mapped to RAM because address size (32) is larger than maximum supported(18)
INFO: [Synth 8-5545] ROM "ram_reg[14]" won't be mapped to RAM because address size (32) is larger than maximum supported(18)
INFO: [Synth 8-5545] ROM "ram_reg[15]" won't be mapped to RAM because address size (32) is larger than maximum supported(18)
INFO: [Synth 8-5545] ROM "ram_reg[15]" won't be mapped to RAM because address size (32) is larger than maximum supported(18)
INFO: [Synth 8-5545] ROM "ram_reg[15]" won't be mapped to RAM because address size (32) is larger than maximum supported(18)
INFO: [Synth 8-5545] ROM "ram_reg[15]" won't be mapped to RAM because address size (32) is larger than maximum supported(18)
INFO: [Synth 8-5545] ROM "ram_reg[16]" won't be mapped to RAM because address size (32) is larger than maximum supported(18)
INFO: [Synth 8-5545] ROM "ram_reg[16]" won't be mapped to RAM because address size (32) is larger than maximum supported(18)
INFO: [Synth 8-5545] ROM "ram_reg[16]" won't be mapped to RAM because address size (32) is larger than maximum supported(18)
INFO: [Synth 8-5545] ROM "ram_reg[16]" won't be mapped to RAM because address size (32) is larger than maximum supported(18)
INFO: [Synth 8-5545] ROM "ram_reg[17]" won't be mapped to RAM because address size (32) is larger than maximum supported(18)
INFO: [Synth 8-5545] ROM "ram_reg[17]" won't be mapped to RAM because address size (32) is larger than maximum supported(18)
INFO: [Synth 8-5545] ROM "ram_reg[17]" won't be mapped to RAM because address size (32) is larger than maximum supported(18)
INFO: [Synth 8-5545] ROM "ram_reg[17]" won't be mapped to RAM because address size (32) is larger than maximum supported(18)
INFO: [Synth 8-5545] ROM "ram_reg[18]" won't be mapped to RAM because address size (32) is larger than maximum supported(18)
INFO: [Synth 8-5545] ROM "ram_reg[18]" won't be mapped to RAM because address size (32) is larger than maximum supported(18)
INFO: [Synth 8-5545] ROM "ram_reg[18]" won't be mapped to RAM because address size (32) is larger than maximum supported(18)
INFO: [Synth 8-5545] ROM "ram_reg[18]" won't be mapped to RAM because address size (32) is larger than maximum supported(18)
INFO: [Synth 8-5545] ROM "ram_reg[19]" won't be mapped to RAM because address size (32) is larger than maximum supported(18)
INFO: [Synth 8-5545] ROM "ram_reg[19]" won't be mapped to RAM because address size (32) is larger than maximum supported(18)
INFO: [Synth 8-5545] ROM "ram_reg[19]" won't be mapped to RAM because address size (32) is larger than maximum supported(18)
INFO: [Synth 8-5545] ROM "ram_reg[19]" won't be mapped to RAM because address size (32) is larger than maximum supported(18)
INFO: [Synth 8-5545] ROM "ram_reg[20]" won't be mapped to RAM because address size (32) is larger than maximum supported(18)
INFO: [Synth 8-5545] ROM "ram_reg[20]" won't be mapped to RAM because address size (32) is larger than maximum supported(18)
INFO: [Synth 8-5545] ROM "ram_reg[20]" won't be mapped to RAM because address size (32) is larger than maximum supported(18)
INFO: [Synth 8-5545] ROM "ram_reg[20]" won't be mapped to RAM because address size (32) is larger than maximum supported(18)
INFO: [Synth 8-5545] ROM "ram_reg[21]" won't be mapped to RAM because address size (32) is larger than maximum supported(18)
INFO: [Synth 8-5545] ROM "ram_reg[21]" won't be mapped to RAM because address size (32) is larger than maximum supported(18)
INFO: [Synth 8-5545] ROM "ram_reg[21]" won't be mapped to RAM because address size (32) is larger than maximum supported(18)
INFO: [Synth 8-5545] ROM "ram_reg[21]" won't be mapped to RAM because address size (32) is larger than maximum supported(18)
INFO: [Synth 8-5545] ROM "ram_reg[22]" won't be mapped to RAM because address size (32) is larger than maximum supported(18)
INFO: [Synth 8-5545] ROM "ram_reg[22]" won't be mapped to RAM because address size (32) is larger than maximum supported(18)
INFO: [Synth 8-5545] ROM "ram_reg[22]" won't be mapped to RAM because address size (32) is larger than maximum supported(18)
INFO: [Synth 8-5545] ROM "ram_reg[22]" won't be mapped to RAM because address size (32) is larger than maximum supported(18)
INFO: [Synth 8-5545] ROM "ram_reg[23]" won't be mapped to RAM because address size (32) is larger than maximum supported(18)
INFO: [Synth 8-5545] ROM "ram_reg[23]" won't be mapped to RAM because address size (32) is larger than maximum supported(18)
INFO: [Synth 8-5545] ROM "ram_reg[23]" won't be mapped to RAM because address size (32) is larger than maximum supported(18)
INFO: [Synth 8-5545] ROM "ram_reg[23]" won't be mapped to RAM because address size (32) is larger than maximum supported(18)
INFO: [Synth 8-5545] ROM "ram_reg[24]" won't be mapped to RAM because address size (32) is larger than maximum supported(18)
INFO: [Synth 8-5545] ROM "ram_reg[24]" won't be mapped to RAM because address size (32) is larger than maximum supported(18)
INFO: [Synth 8-5545] ROM "ram_reg[24]" won't be mapped to RAM because address size (32) is larger than maximum supported(18)
INFO: [Common 17-14] Message 'Synth 8-5545' appears 100 times and further instances of the messages will be disabled. Use the Tcl command set_msg_config to change the current settings.
WARNING: [Synth 8-327] inferring latch for variable 'ins_reg' [D:/Sophomore/ECOP-2018/ECOP-17343155-03/CPU_imp/CPU_imp.srcs/sources_1/new/insROM.v:33]
WARNING: [Synth 8-327] inferring latch for variable 'nextcon_reg' [D:/Sophomore/ECOP-2018/ECOP-17343155-03/CPU_imp/CPU_imp.srcs/sources_1/new/nextCondition.v:29]
WARNING: [Synth 8-327] inferring latch for variable 'ram_reg[0]' [D:/Sophomore/ECOP-2018/ECOP-17343155-03/CPU_imp/CPU_imp.srcs/sources_1/new/dataRAM.v:31]
WARNING: [Synth 8-327] inferring latch for variable 'ram_reg[1]' [D:/Sophomore/ECOP-2018/ECOP-17343155-03/CPU_imp/CPU_imp.srcs/sources_1/new/dataRAM.v:31]
WARNING: [Synth 8-327] inferring latch for variable 'ram_reg[2]' [D:/Sophomore/ECOP-2018/ECOP-17343155-03/CPU_imp/CPU_imp.srcs/sources_1/new/dataRAM.v:31]
WARNING: [Synth 8-327] inferring latch for variable 'ram_reg[3]' [D:/Sophomore/ECOP-2018/ECOP-17343155-03/CPU_imp/CPU_imp.srcs/sources_1/new/dataRAM.v:31]
WARNING: [Synth 8-327] inferring latch for variable 'ram_reg[4]' [D:/Sophomore/ECOP-2018/ECOP-17343155-03/CPU_imp/CPU_imp.srcs/sources_1/new/dataRAM.v:31]
WARNING: [Synth 8-327] inferring latch for variable 'ram_reg[5]' [D:/Sophomore/ECOP-2018/ECOP-17343155-03/CPU_imp/CPU_imp.srcs/sources_1/new/dataRAM.v:31]
WARNING: [Synth 8-327] inferring latch for variable 'ram_reg[6]' [D:/Sophomore/ECOP-2018/ECOP-17343155-03/CPU_imp/CPU_imp.srcs/sources_1/new/dataRAM.v:31]
WARNING: [Synth 8-327] inferring latch for variable 'ram_reg[7]' [D:/Sophomore/ECOP-2018/ECOP-17343155-03/CPU_imp/CPU_imp.srcs/sources_1/new/dataRAM.v:31]
WARNING: [Synth 8-327] inferring latch for variable 'ram_reg[8]' [D:/Sophomore/ECOP-2018/ECOP-17343155-03/CPU_imp/CPU_imp.srcs/sources_1/new/dataRAM.v:31]
WARNING: [Synth 8-327] inferring latch for variable 'ram_reg[9]' [D:/Sophomore/ECOP-2018/ECOP-17343155-03/CPU_imp/CPU_imp.srcs/sources_1/new/dataRAM.v:31]
WARNING: [Synth 8-327] inferring latch for variable 'ram_reg[10]' [D:/Sophomore/ECOP-2018/ECOP-17343155-03/CPU_imp/CPU_imp.srcs/sources_1/new/dataRAM.v:31]
WARNING: [Synth 8-327] inferring latch for variable 'ram_reg[11]' [D:/Sophomore/ECOP-2018/ECOP-17343155-03/CPU_imp/CPU_imp.srcs/sources_1/new/dataRAM.v:31]
WARNING: [Synth 8-327] inferring latch for variable 'ram_reg[12]' [D:/Sophomore/ECOP-2018/ECOP-17343155-03/CPU_imp/CPU_imp.srcs/sources_1/new/dataRAM.v:31]
WARNING: [Synth 8-327] inferring latch for variable 'ram_reg[13]' [D:/Sophomore/ECOP-2018/ECOP-17343155-03/CPU_imp/CPU_imp.srcs/sources_1/new/dataRAM.v:31]
WARNING: [Synth 8-327] inferring latch for variable 'ram_reg[14]' [D:/Sophomore/ECOP-2018/ECOP-17343155-03/CPU_imp/CPU_imp.srcs/sources_1/new/dataRAM.v:31]
WARNING: [Synth 8-327] inferring latch for variable 'ram_reg[15]' [D:/Sophomore/ECOP-2018/ECOP-17343155-03/CPU_imp/CPU_imp.srcs/sources_1/new/dataRAM.v:31]
WARNING: [Synth 8-327] inferring latch for variable 'ram_reg[16]' [D:/Sophomore/ECOP-2018/ECOP-17343155-03/CPU_imp/CPU_imp.srcs/sources_1/new/dataRAM.v:31]
WARNING: [Synth 8-327] inferring latch for variable 'ram_reg[17]' [D:/Sophomore/ECOP-2018/ECOP-17343155-03/CPU_imp/CPU_imp.srcs/sources_1/new/dataRAM.v:31]
WARNING: [Synth 8-327] inferring latch for variable 'ram_reg[18]' [D:/Sophomore/ECOP-2018/ECOP-17343155-03/CPU_imp/CPU_imp.srcs/sources_1/new/dataRAM.v:31]
WARNING: [Synth 8-327] inferring latch for variable 'ram_reg[19]' [D:/Sophomore/ECOP-2018/ECOP-17343155-03/CPU_imp/CPU_imp.srcs/sources_1/new/dataRAM.v:31]
WARNING: [Synth 8-327] inferring latch for variable 'ram_reg[20]' [D:/Sophomore/ECOP-2018/ECOP-17343155-03/CPU_imp/CPU_imp.srcs/sources_1/new/dataRAM.v:31]
WARNING: [Synth 8-327] inferring latch for variable 'ram_reg[21]' [D:/Sophomore/ECOP-2018/ECOP-17343155-03/CPU_imp/CPU_imp.srcs/sources_1/new/dataRAM.v:31]
WARNING: [Synth 8-327] inferring latch for variable 'ram_reg[22]' [D:/Sophomore/ECOP-2018/ECOP-17343155-03/CPU_imp/CPU_imp.srcs/sources_1/new/dataRAM.v:31]
WARNING: [Synth 8-327] inferring latch for variable 'ram_reg[23]' [D:/Sophomore/ECOP-2018/ECOP-17343155-03/CPU_imp/CPU_imp.srcs/sources_1/new/dataRAM.v:31]
WARNING: [Synth 8-327] inferring latch for variable 'ram_reg[24]' [D:/Sophomore/ECOP-2018/ECOP-17343155-03/CPU_imp/CPU_imp.srcs/sources_1/new/dataRAM.v:31]
WARNING: [Synth 8-327] inferring latch for variable 'ram_reg[25]' [D:/Sophomore/ECOP-2018/ECOP-17343155-03/CPU_imp/CPU_imp.srcs/sources_1/new/dataRAM.v:31]
WARNING: [Synth 8-327] inferring latch for variable 'ram_reg[26]' [D:/Sophomore/ECOP-2018/ECOP-17343155-03/CPU_imp/CPU_imp.srcs/sources_1/new/dataRAM.v:31]
WARNING: [Synth 8-327] inferring latch for variable 'ram_reg[27]' [D:/Sophomore/ECOP-2018/ECOP-17343155-03/CPU_imp/CPU_imp.srcs/sources_1/new/dataRAM.v:31]
WARNING: [Synth 8-327] inferring latch for variable 'ram_reg[28]' [D:/Sophomore/ECOP-2018/ECOP-17343155-03/CPU_imp/CPU_imp.srcs/sources_1/new/dataRAM.v:31]
WARNING: [Synth 8-327] inferring latch for variable 'ram_reg[29]' [D:/Sophomore/ECOP-2018/ECOP-17343155-03/CPU_imp/CPU_imp.srcs/sources_1/new/dataRAM.v:31]
WARNING: [Synth 8-327] inferring latch for variable 'ram_reg[30]' [D:/Sophomore/ECOP-2018/ECOP-17343155-03/CPU_imp/CPU_imp.srcs/sources_1/new/dataRAM.v:31]
WARNING: [Synth 8-327] inferring latch for variable 'ram_reg[31]' [D:/Sophomore/ECOP-2018/ECOP-17343155-03/CPU_imp/CPU_imp.srcs/sources_1/new/dataRAM.v:31]
WARNING: [Synth 8-327] inferring latch for variable 'ram_reg[32]' [D:/Sophomore/ECOP-2018/ECOP-17343155-03/CPU_imp/CPU_imp.srcs/sources_1/new/dataRAM.v:31]
WARNING: [Synth 8-327] inferring latch for variable 'ram_reg[33]' [D:/Sophomore/ECOP-2018/ECOP-17343155-03/CPU_imp/CPU_imp.srcs/sources_1/new/dataRAM.v:31]
WARNING: [Synth 8-327] inferring latch for variable 'ram_reg[34]' [D:/Sophomore/ECOP-2018/ECOP-17343155-03/CPU_imp/CPU_imp.srcs/sources_1/new/dataRAM.v:31]
WARNING: [Synth 8-327] inferring latch for variable 'ram_reg[35]' [D:/Sophomore/ECOP-2018/ECOP-17343155-03/CPU_imp/CPU_imp.srcs/sources_1/new/dataRAM.v:31]
WARNING: [Synth 8-327] inferring latch for variable 'ram_reg[36]' [D:/Sophomore/ECOP-2018/ECOP-17343155-03/CPU_imp/CPU_imp.srcs/sources_1/new/dataRAM.v:31]
WARNING: [Synth 8-327] inferring latch for variable 'ram_reg[37]' [D:/Sophomore/ECOP-2018/ECOP-17343155-03/CPU_imp/CPU_imp.srcs/sources_1/new/dataRAM.v:31]
WARNING: [Synth 8-327] inferring latch for variable 'ram_reg[38]' [D:/Sophomore/ECOP-2018/ECOP-17343155-03/CPU_imp/CPU_imp.srcs/sources_1/new/dataRAM.v:31]
WARNING: [Synth 8-327] inferring latch for variable 'ram_reg[39]' [D:/Sophomore/ECOP-2018/ECOP-17343155-03/CPU_imp/CPU_imp.srcs/sources_1/new/dataRAM.v:31]
WARNING: [Synth 8-327] inferring latch for variable 'ram_reg[40]' [D:/Sophomore/ECOP-2018/ECOP-17343155-03/CPU_imp/CPU_imp.srcs/sources_1/new/dataRAM.v:31]
WARNING: [Synth 8-327] inferring latch for variable 'ram_reg[41]' [D:/Sophomore/ECOP-2018/ECOP-17343155-03/CPU_imp/CPU_imp.srcs/sources_1/new/dataRAM.v:31]
WARNING: [Synth 8-327] inferring latch for variable 'ram_reg[42]' [D:/Sophomore/ECOP-2018/ECOP-17343155-03/CPU_imp/CPU_imp.srcs/sources_1/new/dataRAM.v:31]
WARNING: [Synth 8-327] inferring latch for variable 'ram_reg[43]' [D:/Sophomore/ECOP-2018/ECOP-17343155-03/CPU_imp/CPU_imp.srcs/sources_1/new/dataRAM.v:31]
WARNING: [Synth 8-327] inferring latch for variable 'ram_reg[44]' [D:/Sophomore/ECOP-2018/ECOP-17343155-03/CPU_imp/CPU_imp.srcs/sources_1/new/dataRAM.v:31]
WARNING: [Synth 8-327] inferring latch for variable 'ram_reg[45]' [D:/Sophomore/ECOP-2018/ECOP-17343155-03/CPU_imp/CPU_imp.srcs/sources_1/new/dataRAM.v:31]
WARNING: [Synth 8-327] inferring latch for variable 'ram_reg[46]' [D:/Sophomore/ECOP-2018/ECOP-17343155-03/CPU_imp/CPU_imp.srcs/sources_1/new/dataRAM.v:31]
WARNING: [Synth 8-327] inferring latch for variable 'ram_reg[47]' [D:/Sophomore/ECOP-2018/ECOP-17343155-03/CPU_imp/CPU_imp.srcs/sources_1/new/dataRAM.v:31]
WARNING: [Synth 8-327] inferring latch for variable 'ram_reg[48]' [D:/Sophomore/ECOP-2018/ECOP-17343155-03/CPU_imp/CPU_imp.srcs/sources_1/new/dataRAM.v:31]
WARNING: [Synth 8-327] inferring latch for variable 'ram_reg[49]' [D:/Sophomore/ECOP-2018/ECOP-17343155-03/CPU_imp/CPU_imp.srcs/sources_1/new/dataRAM.v:31]
WARNING: [Synth 8-327] inferring latch for variable 'ram_reg[50]' [D:/Sophomore/ECOP-2018/ECOP-17343155-03/CPU_imp/CPU_imp.srcs/sources_1/new/dataRAM.v:31]
WARNING: [Synth 8-327] inferring latch for variable 'ram_reg[51]' [D:/Sophomore/ECOP-2018/ECOP-17343155-03/CPU_imp/CPU_imp.srcs/sources_1/new/dataRAM.v:31]
WARNING: [Synth 8-327] inferring latch for variable 'ram_reg[52]' [D:/Sophomore/ECOP-2018/ECOP-17343155-03/CPU_imp/CPU_imp.srcs/sources_1/new/dataRAM.v:31]
WARNING: [Synth 8-327] inferring latch for variable 'ram_reg[53]' [D:/Sophomore/ECOP-2018/ECOP-17343155-03/CPU_imp/CPU_imp.srcs/sources_1/new/dataRAM.v:31]
WARNING: [Synth 8-327] inferring latch for variable 'ram_reg[54]' [D:/Sophomore/ECOP-2018/ECOP-17343155-03/CPU_imp/CPU_imp.srcs/sources_1/new/dataRAM.v:31]
WARNING: [Synth 8-327] inferring latch for variable 'ram_reg[55]' [D:/Sophomore/ECOP-2018/ECOP-17343155-03/CPU_imp/CPU_imp.srcs/sources_1/new/dataRAM.v:31]
WARNING: [Synth 8-327] inferring latch for variable 'ram_reg[56]' [D:/Sophomore/ECOP-2018/ECOP-17343155-03/CPU_imp/CPU_imp.srcs/sources_1/new/dataRAM.v:31]
WARNING: [Synth 8-327] inferring latch for variable 'ram_reg[57]' [D:/Sophomore/ECOP-2018/ECOP-17343155-03/CPU_imp/CPU_imp.srcs/sources_1/new/dataRAM.v:31]
WARNING: [Synth 8-327] inferring latch for variable 'ram_reg[58]' [D:/Sophomore/ECOP-2018/ECOP-17343155-03/CPU_imp/CPU_imp.srcs/sources_1/new/dataRAM.v:31]
WARNING: [Synth 8-327] inferring latch for variable 'ram_reg[59]' [D:/Sophomore/ECOP-2018/ECOP-17343155-03/CPU_imp/CPU_imp.srcs/sources_1/new/dataRAM.v:31]
WARNING: [Synth 8-327] inferring latch for variable 'ram_reg[60]' [D:/Sophomore/ECOP-2018/ECOP-17343155-03/CPU_imp/CPU_imp.srcs/sources_1/new/dataRAM.v:31]
---------------------------------------------------------------------------------
Finished RTL Optimization Phase 2 : Time (s): cpu = 00:00:14 ; elapsed = 00:00:20 . Memory (MB): peak = 612.004 ; gain = 403.727
---------------------------------------------------------------------------------

Report RTL Partitions: 
+-+--------------+------------+----------+
| |RTL Partition |Replication |Instances |
+-+--------------+------------+----------+
+-+--------------+------------+----------+
---------------------------------------------------------------------------------
Start RTL Component Statistics 
---------------------------------------------------------------------------------
Detailed RTL Component Info : 
+---Adders : 
	   2 Input     32 Bit       Adders := 8     
	   3 Input     32 Bit       Adders := 2     
	   2 Input      6 Bit       Adders := 3     
	   2 Input      2 Bit       Adders := 1     
+---XORs : 
	   2 Input     32 Bit         XORs := 1     
+---Registers : 
	               32 Bit    Registers := 5     
	               26 Bit    Registers := 1     
	               16 Bit    Registers := 1     
	                6 Bit    Registers := 1     
	                5 Bit    Registers := 4     
	                3 Bit    Registers := 1     
	                2 Bit    Registers := 1     
	                1 Bit    Registers := 3     
+---Muxes : 
	   2 Input     32 Bit        Muxes := 36    
	  33 Input     32 Bit        Muxes := 2     
	   8 Input     32 Bit        Muxes := 1     
	   4 Input     32 Bit        Muxes := 1     
	   4 Input     16 Bit        Muxes := 1     
	   2 Input     16 Bit        Muxes := 1     
	   2 Input      8 Bit        Muxes := 183   
	  16 Input      7 Bit        Muxes := 1     
	   2 Input      5 Bit        Muxes := 2     
	   4 Input      4 Bit        Muxes := 2     
	   2 Input      3 Bit        Muxes := 4     
	   9 Input      3 Bit        Muxes := 1     
	   2 Input      2 Bit        Muxes := 11    
	  10 Input      1 Bit        Muxes := 1     
	   2 Input      1 Bit        Muxes := 65    
	   5 Input      1 Bit        Muxes := 61    
---------------------------------------------------------------------------------
Finished RTL Component Statistics 
---------------------------------------------------------------------------------
---------------------------------------------------------------------------------
Start RTL Hierarchical Component Statistics 
---------------------------------------------------------------------------------
Hierarchical RTL Component report 
Module debouncing 
Detailed RTL Component Info : 
+---Registers : 
	                1 Bit    Registers := 3     
Module show 
Detailed RTL Component Info : 
+---Muxes : 
	   4 Input     16 Bit        Muxes := 1     
Module Hex7seg 
Detailed RTL Component Info : 
+---Adders : 
	   2 Input      2 Bit       Adders := 1     
+---Registers : 
	                2 Bit    Registers := 1     
+---Muxes : 
	  16 Input      7 Bit        Muxes := 1     
	   4 Input      4 Bit        Muxes := 2     
Module PC 
Detailed RTL Component Info : 
+---Registers : 
	               32 Bit    Registers := 1     
Module insROM 
Detailed RTL Component Info : 
+---Adders : 
	   2 Input     32 Bit       Adders := 3     
Module Dtrigger 
Detailed RTL Component Info : 
+---Registers : 
	                3 Bit    Registers := 1     
Module IR 
Detailed RTL Component Info : 
+---Registers : 
	               26 Bit    Registers := 1     
	               16 Bit    Registers := 1     
	                6 Bit    Registers := 1     
	                5 Bit    Registers := 4     
Module DR 
Detailed RTL Component Info : 
+---Registers : 
	               32 Bit    Registers := 4     
+---Muxes : 
	   2 Input     32 Bit        Muxes := 1     
Module nextCondition 
Detailed RTL Component Info : 
+---Muxes : 
	   2 Input      3 Bit        Muxes := 3     
	   9 Input      3 Bit        Muxes := 1     
	  10 Input      1 Bit        Muxes := 1     
Module ControlUnit 
Detailed RTL Component Info : 
+---Muxes : 
	   2 Input      3 Bit        Muxes := 1     
	   2 Input      2 Bit        Muxes := 11    
Module extend 
Detailed RTL Component Info : 
+---Muxes : 
	   2 Input     16 Bit        Muxes := 1     
Module regWriteAddress 
Detailed RTL Component Info : 
+---Muxes : 
	   2 Input      5 Bit        Muxes := 2     
Module regWriteData 
Detailed RTL Component Info : 
+---Adders : 
	   2 Input     32 Bit       Adders := 1     
+---Muxes : 
	   2 Input     32 Bit        Muxes := 1     
Module regFile 
Detailed RTL Component Info : 
+---Muxes : 
	  33 Input     32 Bit        Muxes := 2     
	   2 Input     32 Bit        Muxes := 32    
	   2 Input      1 Bit        Muxes := 64    
Module ALU_dataA 
Detailed RTL Component Info : 
+---Muxes : 
	   2 Input     32 Bit        Muxes := 1     
Module ALU_dataB 
Detailed RTL Component Info : 
+---Muxes : 
	   2 Input     32 Bit        Muxes := 1     
Module ALU 
Detailed RTL Component Info : 
+---Adders : 
	   3 Input     32 Bit       Adders := 1     
+---XORs : 
	   2 Input     32 Bit         XORs := 1     
+---Muxes : 
	   8 Input     32 Bit        Muxes := 1     
	   2 Input      1 Bit        Muxes := 1     
Module dataRAM 
Detailed RTL Component Info : 
+---Adders : 
	   2 Input     32 Bit       Adders := 3     
	   2 Input      6 Bit       Adders := 3     
+---Muxes : 
	   2 Input      8 Bit        Muxes := 183   
	   5 Input      1 Bit        Muxes := 61    
Module nextPC 
Detailed RTL Component Info : 
+---Adders : 
	   3 Input     32 Bit       Adders := 1     
	   2 Input     32 Bit       Adders := 1     
+---Muxes : 
	   4 Input     32 Bit        Muxes := 1     
---------------------------------------------------------------------------------
Finished RTL Hierarchical Component Statistics
---------------------------------------------------------------------------------
---------------------------------------------------------------------------------
Start Part Resource Summary
---------------------------------------------------------------------------------
Part Resources:
DSPs: 120 (col length:60)
BRAMs: 150 (col length: RAMB18 60 RAMB36 30)
---------------------------------------------------------------------------------
Finished Part Resource Summary
---------------------------------------------------------------------------------
Start Parallel Synthesis Optimization  : Time (s): cpu = 00:00:14 ; elapsed = 00:00:20 . Memory (MB): peak = 612.004 ; gain = 403.727
---------------------------------------------------------------------------------
Start Cross Boundary Optimization
---------------------------------------------------------------------------------
INFO: [Synth 8-5562] The signal cputop/pc/Address_reg_rep is implemented as block RAM but is better mapped onto distributed LUT RAM for the following reason(s): The *depth (7 address bits)* is shallow. Please use attribute (* ram_style = "distributed" *) to instruct Vivado to infer distributed LUT RAM.
---------------------------------------------------------------------------------
Finished Cross Boundary Optimization : Time (s): cpu = 00:00:18 ; elapsed = 00:00:25 . Memory (MB): peak = 612.004 ; gain = 403.727
---------------------------------------------------------------------------------
Finished Parallel Reinference  : Time (s): cpu = 00:00:18 ; elapsed = 00:00:25 . Memory (MB): peak = 612.004 ; gain = 403.727

Report RTL Partitions: 
+-+--------------+------------+----------+
| |RTL Partition |Replication |Instances |
+-+--------------+------------+----------+
+-+--------------+------------+----------+
---------------------------------------------------------------------------------
Start ROM, RAM, DSP and Shift Register Reporting
---------------------------------------------------------------------------------

ROM:
+------------+------------+---------------+----------------+
|Module Name | RTL Object | Depth x Width | Implemented As | 
+------------+------------+---------------+----------------+
|insROM      | rom        | 128x8         | LUT            | 
|insROM      | rom__1     | 128x8         | LUT            | 
|insROM      | rom__2     | 128x8         | LUT            | 
|insROM      | rom__3     | 128x8         | LUT            | 
|imptop      | rom        | 128x8         | LUT            | 
|imptop      | rom__4     | 128x8         | LUT            | 
|imptop      | rom__5     | 128x8         | LUT            | 
|imptop      | extrom     | 128x8         | Block RAM      | 
+------------+------------+---------------+----------------+

---------------------------------------------------------------------------------
Finished ROM, RAM, DSP and Shift Register Reporting
---------------------------------------------------------------------------------
WARNING: [Synth 8-3332] Sequential element (\cputop/rom/ins_reg[31] ) is unused and will be removed from module imptop.
WARNING: [Synth 8-3332] Sequential element (\cputop/rom/ins_reg[30] ) is unused and will be removed from module imptop.
WARNING: [Synth 8-3332] Sequential element (\cputop/rom/ins_reg[29] ) is unused and will be removed from module imptop.
WARNING: [Synth 8-3332] Sequential element (\cputop/rom/ins_reg[28] ) is unused and will be removed from module imptop.
WARNING: [Synth 8-3332] Sequential element (\cputop/rom/ins_reg[27] ) is unused and will be removed from module imptop.
WARNING: [Synth 8-3332] Sequential element (\cputop/rom/ins_reg[26] ) is unused and will be removed from module imptop.
WARNING: [Synth 8-3332] Sequential element (\cputop/rom/ins_reg[25] ) is unused and will be removed from module imptop.
WARNING: [Synth 8-3332] Sequential element (\cputop/rom/ins_reg[24] ) is unused and will be removed from module imptop.
WARNING: [Synth 8-3332] Sequential element (\cputop/rom/ins_reg[23] ) is unused and will be removed from module imptop.
WARNING: [Synth 8-3332] Sequential element (\cputop/rom/ins_reg[22] ) is unused and will be removed from module imptop.
WARNING: [Synth 8-3332] Sequential element (\cputop/rom/ins_reg[21] ) is unused and will be removed from module imptop.
WARNING: [Synth 8-3332] Sequential element (\cputop/rom/ins_reg[20] ) is unused and will be removed from module imptop.
WARNING: [Synth 8-3332] Sequential element (\cputop/rom/ins_reg[19] ) is unused and will be removed from module imptop.
WARNING: [Synth 8-3332] Sequential element (\cputop/rom/ins_reg[18] ) is unused and will be removed from module imptop.
WARNING: [Synth 8-3332] Sequential element (\cputop/rom/ins_reg[17] ) is unused and will be removed from module imptop.
WARNING: [Synth 8-3332] Sequential element (\cputop/rom/ins_reg[16] ) is unused and will be removed from module imptop.
WARNING: [Synth 8-3332] Sequential element (\cputop/rom/ins_reg[15] ) is unused and will be removed from module imptop.
WARNING: [Synth 8-3332] Sequential element (\cputop/rom/ins_reg[14] ) is unused and will be removed from module imptop.
WARNING: [Synth 8-3332] Sequential element (\cputop/rom/ins_reg[13] ) is unused and will be removed from module imptop.
WARNING: [Synth 8-3332] Sequential element (\cputop/rom/ins_reg[12] ) is unused and will be removed from module imptop.
WARNING: [Synth 8-3332] Sequential element (\cputop/rom/ins_reg[11] ) is unused and will be removed from module imptop.
WARNING: [Synth 8-3332] Sequential element (\cputop/rom/ins_reg[10] ) is unused and will be removed from module imptop.
WARNING: [Synth 8-3332] Sequential element (\cputop/rom/ins_reg[9] ) is unused and will be removed from module imptop.
WARNING: [Synth 8-3332] Sequential element (\cputop/rom/ins_reg[8] ) is unused and will be removed from module imptop.
WARNING: [Synth 8-3332] Sequential element (\cputop/rom/ins_reg[7] ) is unused and will be removed from module imptop.
WARNING: [Synth 8-3332] Sequential element (\cputop/rom/ins_reg[6] ) is unused and will be removed from module imptop.
WARNING: [Synth 8-3332] Sequential element (\cputop/rom/ins_reg[5] ) is unused and will be removed from module imptop.
WARNING: [Synth 8-3332] Sequential element (\cputop/rom/ins_reg[4] ) is unused and will be removed from module imptop.
WARNING: [Synth 8-3332] Sequential element (\cputop/rom/ins_reg[3] ) is unused and will be removed from module imptop.
WARNING: [Synth 8-3332] Sequential element (\cputop/rom/ins_reg[2] ) is unused and will be removed from module imptop.
WARNING: [Synth 8-3332] Sequential element (\cputop/rom/ins_reg[1] ) is unused and will be removed from module imptop.
WARNING: [Synth 8-3332] Sequential element (\cputop/rom/ins_reg[0] ) is unused and will be removed from module imptop.
WARNING: [Synth 8-3332] Sequential element (\regFile_reg[0][31] ) is unused and will be removed from module regFile.
WARNING: [Synth 8-3332] Sequential element (\regFile_reg[0][30] ) is unused and will be removed from module regFile.
WARNING: [Synth 8-3332] Sequential element (\regFile_reg[0][29] ) is unused and will be removed from module regFile.
WARNING: [Synth 8-3332] Sequential element (\regFile_reg[0][28] ) is unused and will be removed from module regFile.
WARNING: [Synth 8-3332] Sequential element (\regFile_reg[0][27] ) is unused and will be removed from module regFile.
WARNING: [Synth 8-3332] Sequential element (\regFile_reg[0][26] ) is unused and will be removed from module regFile.
WARNING: [Synth 8-3332] Sequential element (\regFile_reg[0][25] ) is unused and will be removed from module regFile.
WARNING: [Synth 8-3332] Sequential element (\regFile_reg[0][24] ) is unused and will be removed from module regFile.
WARNING: [Synth 8-3332] Sequential element (\regFile_reg[0][23] ) is unused and will be removed from module regFile.
WARNING: [Synth 8-3332] Sequential element (\regFile_reg[0][22] ) is unused and will be removed from module regFile.
WARNING: [Synth 8-3332] Sequential element (\regFile_reg[0][21] ) is unused and will be removed from module regFile.
WARNING: [Synth 8-3332] Sequential element (\regFile_reg[0][20] ) is unused and will be removed from module regFile.
WARNING: [Synth 8-3332] Sequential element (\regFile_reg[0][19] ) is unused and will be removed from module regFile.
WARNING: [Synth 8-3332] Sequential element (\regFile_reg[0][18] ) is unused and will be removed from module regFile.
WARNING: [Synth 8-3332] Sequential element (\regFile_reg[0][17] ) is unused and will be removed from module regFile.
WARNING: [Synth 8-3332] Sequential element (\regFile_reg[0][16] ) is unused and will be removed from module regFile.
WARNING: [Synth 8-3332] Sequential element (\regFile_reg[0][15] ) is unused and will be removed from module regFile.
WARNING: [Synth 8-3332] Sequential element (\regFile_reg[0][14] ) is unused and will be removed from module regFile.
WARNING: [Synth 8-3332] Sequential element (\regFile_reg[0][13] ) is unused and will be removed from module regFile.
WARNING: [Synth 8-3332] Sequential element (\regFile_reg[0][12] ) is unused and will be removed from module regFile.
WARNING: [Synth 8-3332] Sequential element (\regFile_reg[0][11] ) is unused and will be removed from module regFile.
WARNING: [Synth 8-3332] Sequential element (\regFile_reg[0][10] ) is unused and will be removed from module regFile.
WARNING: [Synth 8-3332] Sequential element (\regFile_reg[0][9] ) is unused and will be removed from module regFile.
WARNING: [Synth 8-3332] Sequential element (\regFile_reg[0][8] ) is unused and will be removed from module regFile.
WARNING: [Synth 8-3332] Sequential element (\regFile_reg[0][7] ) is unused and will be removed from module regFile.
WARNING: [Synth 8-3332] Sequential element (\regFile_reg[0][6] ) is unused and will be removed from module regFile.
WARNING: [Synth 8-3332] Sequential element (\regFile_reg[0][5] ) is unused and will be removed from module regFile.
WARNING: [Synth 8-3332] Sequential element (\regFile_reg[0][4] ) is unused and will be removed from module regFile.
WARNING: [Synth 8-3332] Sequential element (\regFile_reg[0][3] ) is unused and will be removed from module regFile.
WARNING: [Synth 8-3332] Sequential element (\regFile_reg[0][2] ) is unused and will be removed from module regFile.
WARNING: [Synth 8-3332] Sequential element (\regFile_reg[0][1] ) is unused and will be removed from module regFile.
WARNING: [Synth 8-3332] Sequential element (\regFile_reg[0][0] ) is unused and will be removed from module regFile.
WARNING: [Synth 8-3332] Sequential element (\cputop/ireg/immediate_reg[6] ) is unused and will be removed from module imptop.
WARNING: [Synth 8-3332] Sequential element (\cputop/ireg/jumpimmediate_reg[6] ) is unused and will be removed from module imptop.
WARNING: [Synth 8-3332] Sequential element (\cputop/ireg/immediate_reg[7] ) is unused and will be removed from module imptop.
WARNING: [Synth 8-3332] Sequential element (\cputop/ireg/jumpimmediate_reg[7] ) is unused and will be removed from module imptop.
WARNING: [Synth 8-3332] Sequential element (\cputop/ireg/immediate_reg[8] ) is unused and will be removed from module imptop.
WARNING: [Synth 8-3332] Sequential element (\cputop/ireg/jumpimmediate_reg[8] ) is unused and will be removed from module imptop.
WARNING: [Synth 8-3332] Sequential element (\cputop/ireg/immediate_reg[9] ) is unused and will be removed from module imptop.
WARNING: [Synth 8-3332] Sequential element (\cputop/ireg/jumpimmediate_reg[9] ) is unused and will be removed from module imptop.
WARNING: [Synth 8-3332] Sequential element (\cputop/ireg/immediate_reg[10] ) is unused and will be removed from module imptop.
WARNING: [Synth 8-3332] Sequential element (\cputop/ireg/jumpimmediate_reg[10] ) is unused and will be removed from module imptop.
WARNING: [Synth 8-3332] Sequential element (\cputop/ireg/jumpimmediate_reg[11] ) is unused and will be removed from module imptop.
WARNING: [Synth 8-3332] Sequential element (\cputop/ireg/jumpimmediate_reg[12] ) is unused and will be removed from module imptop.
WARNING: [Synth 8-3332] Sequential element (\cputop/ireg/jumpimmediate_reg[13] ) is unused and will be removed from module imptop.
WARNING: [Synth 8-3332] Sequential element (\cputop/ireg/jumpimmediate_reg[14] ) is unused and will be removed from module imptop.
WARNING: [Synth 8-3332] Sequential element (\cputop/ireg/jumpimmediate_reg[15] ) is unused and will be removed from module imptop.
WARNING: [Synth 8-3332] Sequential element (\cputop/ireg/jumpimmediate_reg[16] ) is unused and will be removed from module imptop.
WARNING: [Synth 8-3332] Sequential element (\cputop/ireg/jumpimmediate_reg[17] ) is unused and will be removed from module imptop.
WARNING: [Synth 8-3332] Sequential element (\cputop/ireg/jumpimmediate_reg[18] ) is unused and will be removed from module imptop.
WARNING: [Synth 8-3332] Sequential element (\cputop/ireg/jumpimmediate_reg[19] ) is unused and will be removed from module imptop.
WARNING: [Synth 8-3332] Sequential element (\cputop/ireg/jumpimmediate_reg[20] ) is unused and will be removed from module imptop.
WARNING: [Synth 8-3332] Sequential element (\cputop/ireg/jumpimmediate_reg[21] ) is unused and will be removed from module imptop.
WARNING: [Synth 8-3332] Sequential element (\cputop/ireg/jumpimmediate_reg[22] ) is unused and will be removed from module imptop.
WARNING: [Synth 8-3332] Sequential element (\cputop/ireg/jumpimmediate_reg[23] ) is unused and will be removed from module imptop.
WARNING: [Synth 8-3332] Sequential element (\cputop/ireg/jumpimmediate_reg[24] ) is unused and will be removed from module imptop.
WARNING: [Synth 8-3332] Sequential element (\cputop/ireg/jumpimmediate_reg[25] ) is unused and will be removed from module imptop.
WARNING: [Synth 8-3332] Sequential element (\cputop/ireg/rd_reg[3] ) is unused and will be removed from module imptop.
WARNING: [Synth 8-3332] Sequential element (\cputop/ireg/rd_reg[4] ) is unused and will be removed from module imptop.
WARNING: [Synth 8-3332] Sequential element (\cputop/ireg/rd_reg[2] ) is unused and will be removed from module imptop.
WARNING: [Synth 8-3332] Sequential element (\cputop/ireg/rd_reg[1] ) is unused and will be removed from module imptop.
WARNING: [Synth 8-3332] Sequential element (\cputop/ireg/rd_reg[0] ) is unused and will be removed from module imptop.
WARNING: [Synth 8-3332] Sequential element (\cputop/ireg/jumpimmediate_reg[4] ) is unused and will be removed from module imptop.
WARNING: [Synth 8-3332] Sequential element (\cputop/ireg/jumpimmediate_reg[0] ) is unused and will be removed from module imptop.
WARNING: [Synth 8-3332] Sequential element (\cputop/ireg/jumpimmediate_reg[3] ) is unused and will be removed from module imptop.
WARNING: [Synth 8-3332] Sequential element (\cputop/ireg/jumpimmediate_reg[5] ) is unused and will be removed from module imptop.
WARNING: [Synth 8-3332] Sequential element (\cputop/ireg/jumpimmediate_reg[1] ) is unused and will be removed from module imptop.
WARNING: [Synth 8-3332] Sequential element (\cputop/ireg/jumpimmediate_reg[2] ) is unused and will be removed from module imptop.
INFO: [Common 17-14] Message 'Synth 8-3332' appears 100 times and further instances of the messages will be disabled. Use the Tcl command set_msg_config to change the current settings.
---------------------------------------------------------------------------------
Start Area Optimization
---------------------------------------------------------------------------------
---------------------------------------------------------------------------------
Finished Area Optimization : Time (s): cpu = 00:00:32 ; elapsed = 00:00:40 . Memory (MB): peak = 621.219 ; gain = 412.941
---------------------------------------------------------------------------------
Finished Parallel Area Optimization  : Time (s): cpu = 00:00:32 ; elapsed = 00:00:40 . Memory (MB): peak = 621.219 ; gain = 412.941

Report RTL Partitions: 
+-+--------------+------------+----------+
| |RTL Partition |Replication |Instances |
+-+--------------+------------+----------+
+-+--------------+------------+----------+
Finished Parallel Synthesis Optimization  : Time (s): cpu = 00:00:32 ; elapsed = 00:00:40 . Memory (MB): peak = 621.219 ; gain = 412.941
---------------------------------------------------------------------------------
Start Timing Optimization
---------------------------------------------------------------------------------
---------------------------------------------------------------------------------
Start Applying XDC Timing Constraints
---------------------------------------------------------------------------------
---------------------------------------------------------------------------------
Finished Applying XDC Timing Constraints : Time (s): cpu = 00:00:42 ; elapsed = 00:00:51 . Memory (MB): peak = 632.043 ; gain = 423.766
---------------------------------------------------------------------------------
---------------------------------------------------------------------------------
Finished Timing Optimization : Time (s): cpu = 00:00:43 ; elapsed = 00:00:51 . Memory (MB): peak = 635.910 ; gain = 427.633
---------------------------------------------------------------------------------

Report RTL Partitions: 
+-+--------------+------------+----------+
| |RTL Partition |Replication |Instances |
+-+--------------+------------+----------+
+-+--------------+------------+----------+
---------------------------------------------------------------------------------
Start Technology Mapping
---------------------------------------------------------------------------------
---------------------------------------------------------------------------------
Finished Technology Mapping : Time (s): cpu = 00:00:51 ; elapsed = 00:01:01 . Memory (MB): peak = 749.957 ; gain = 541.680
---------------------------------------------------------------------------------

Report RTL Partitions: 
+-+--------------+------------+----------+
| |RTL Partition |Replication |Instances |
+-+--------------+------------+----------+
+-+--------------+------------+----------+
---------------------------------------------------------------------------------
Start IO Insertion
---------------------------------------------------------------------------------
---------------------------------------------------------------------------------
Start Final Netlist Cleanup
---------------------------------------------------------------------------------
---------------------------------------------------------------------------------
Finished Final Netlist Cleanup
---------------------------------------------------------------------------------
---------------------------------------------------------------------------------
Finished IO Insertion : Time (s): cpu = 00:00:52 ; elapsed = 00:01:01 . Memory (MB): peak = 749.957 ; gain = 541.680
---------------------------------------------------------------------------------

Report Check Netlist: 
+------+------------------+-------+---------+-------+------------------+
|      |Item              |Errors |Warnings |Status |Description       |
+------+------------------+-------+---------+-------+------------------+
|1     |multi_driven_nets |      0|        0|Passed |Multi driven nets |
+------+------------------+-------+---------+-------+------------------+
---------------------------------------------------------------------------------
Start Renaming Generated Instances
---------------------------------------------------------------------------------
---------------------------------------------------------------------------------
Finished Renaming Generated Instances : Time (s): cpu = 00:00:52 ; elapsed = 00:01:01 . Memory (MB): peak = 749.957 ; gain = 541.680
---------------------------------------------------------------------------------

Report RTL Partitions: 
+-+--------------+------------+----------+
| |RTL Partition |Replication |Instances |
+-+--------------+------------+----------+
+-+--------------+------------+----------+
---------------------------------------------------------------------------------
Start Rebuilding User Hierarchy
---------------------------------------------------------------------------------
---------------------------------------------------------------------------------
Finished Rebuilding User Hierarchy : Time (s): cpu = 00:00:52 ; elapsed = 00:01:02 . Memory (MB): peak = 749.957 ; gain = 541.680
---------------------------------------------------------------------------------
---------------------------------------------------------------------------------
Start Renaming Generated Ports : Time (s): cpu = 00:00:52 ; elapsed = 00:01:02 . Memory (MB): peak = 749.957 ; gain = 541.680
---------------------------------------------------------------------------------
---------------------------------------------------------------------------------
Finished Renaming Generated Ports : Time (s): cpu = 00:00:52 ; elapsed = 00:01:02 . Memory (MB): peak = 749.957 ; gain = 541.680
---------------------------------------------------------------------------------
---------------------------------------------------------------------------------
Start Writing Synthesis Report
---------------------------------------------------------------------------------

Report BlackBoxes: 
+-+--------------+----------+
| |BlackBox name |Instances |
+-+--------------+----------+
+-+--------------+----------+

Report Cell Usage: 
+------+-----------+------+
|      |Cell       |Count |
+------+-----------+------+
|1     |BUFG       |     2|
|2     |CARRY4     |    57|
|3     |LUT1       |   146|
|4     |LUT2       |   158|
|5     |LUT3       |   623|
|6     |LUT4       |   178|
|7     |LUT5       |   705|
|8     |LUT6       |  2868|
|9     |MUXF7      |   378|
|10    |MUXF8      |   144|
|11    |RAMB18E1_1 |     1|
|12    |FDRE       |   190|
|13    |FDSE       |   992|
|14    |LD         |   491|
|15    |IBUF       |     5|
|16    |OBUF       |    11|
+------+-----------+------+

Report Instance Areas: 
+------+------------+--------------+------+
|      |Instance    |Module        |Cells |
+------+------------+--------------+------+
|1     |top         |              |  6949|
|2     |  cputop    |CPU_top       |  6876|
|3     |    alu     |ALU           |     8|
|4     |    dreg    |DR            |  1567|
|5     |    dtri    |Dtrigger      |  1029|
|6     |    ireg    |IR            |   144|
|7     |    nextCon |nextCondition |     3|
|8     |    pc      |PC            |   660|
|9     |    ram     |dataRAM       |  1402|
|10    |    regf    |regFile       |  2063|
|11    |  div       |CLK_DIV       |    41|
|12    |  hex       |Hex7seg       |    10|
|13    |  key       |debouncing    |     4|
+------+------------+--------------+------+
---------------------------------------------------------------------------------
Finished Writing Synthesis Report : Time (s): cpu = 00:00:53 ; elapsed = 00:01:02 . Memory (MB): peak = 749.957 ; gain = 541.680
---------------------------------------------------------------------------------
Synthesis finished with 0 errors, 0 critical warnings and 163 warnings.
Synthesis Optimization Runtime : Time (s): cpu = 00:00:44 ; elapsed = 00:00:52 . Memory (MB): peak = 749.957 ; gain = 226.535
Synthesis Optimization Complete : Time (s): cpu = 00:00:53 ; elapsed = 00:01:02 . Memory (MB): peak = 749.957 ; gain = 541.680
INFO: [Project 1-571] Translating synthesized netlist
INFO: [Netlist 29-17] Analyzing 554 Unisim elements for replacement
INFO: [Netlist 29-28] Unisim Transformation completed in 0 CPU seconds
INFO: [Project 1-570] Preparing netlist for logic optimization
INFO: [Opt 31-138] Pushed 1 inverter(s) to 992 load pin(s).
INFO: [Project 1-111] Unisim Transformation Summary:
  A total of 491 instances were transformed.
  LD => LDCE: 491 instances

INFO: [Common 17-83] Releasing license: Synthesis
172 Infos, 171 Warnings, 0 Critical Warnings and 0 Errors encountered.
synth_design completed successfully
synth_design: Time (s): cpu = 00:00:54 ; elapsed = 00:01:02 . Memory (MB): peak = 749.957 ; gain = 528.949
report_utilization: Time (s): cpu = 00:00:01 ; elapsed = 00:00:00.121 . Memory (MB): peak = 749.957 ; gain = 0.000
INFO: [Common 17-206] Exiting Vivado at Fri Dec 28 02:55:04 2018...
